2023-09-24 10:48:00 [main] INFO  c.b.b.controller.ApiControllerTest - Starting ApiControllerTest using Java 17.0.8.1 with PID 8304 (started by pc in D:\bankingapi)
2023-09-24 10:48:00 [main] INFO  c.b.b.controller.ApiControllerTest - No active profile set, falling back to 1 default profile: "default"
2023-09-24 10:48:01 [main] INFO  o.s.d.r.c.RepositoryConfigurationDelegate - Bootstrapping Spring Data JPA repositories in DEFAULT mode.
2023-09-24 10:48:01 [main] INFO  o.s.d.r.c.RepositoryConfigurationDelegate - Finished Spring Data repository scanning in 40 ms. Found 3 JPA repository interfaces.
2023-09-24 10:48:02 [main] INFO  com.zaxxer.hikari.HikariDataSource - HikariPool-1 - Starting...
2023-09-24 10:48:03 [main] INFO  com.zaxxer.hikari.pool.HikariPool - HikariPool-1 - Added connection conn0: url=jdbc:h2:mem:testdb user=SA
2023-09-24 10:48:03 [main] INFO  com.zaxxer.hikari.HikariDataSource - HikariPool-1 - Start completed.
2023-09-24 10:48:03 [main] INFO  o.h.jpa.internal.util.LogHelper - HHH000204: Processing PersistenceUnitInfo [name: default]
2023-09-24 10:48:03 [main] INFO  org.hibernate.Version - HHH000412: Hibernate ORM core version 6.2.7.Final
2023-09-24 10:48:03 [main] INFO  org.hibernate.cfg.Environment - HHH000406: Using bytecode reflection optimizer
2023-09-24 10:48:03 [main] INFO  o.h.b.i.BytecodeProviderInitiator - HHH000021: Bytecode provider name : bytebuddy
2023-09-24 10:48:03 [main] INFO  o.s.o.j.p.SpringPersistenceUnitInfo - No LoadTimeWeaver setup: ignoring JPA class transformer
2023-09-24 10:48:03 [main] INFO  o.h.b.i.BytecodeProviderInitiator - HHH000021: Bytecode provider name : bytebuddy
2023-09-24 10:48:04 [main] INFO  o.h.e.t.j.p.i.JtaPlatformInitiator - HHH000490: Using JtaPlatform implementation: [org.hibernate.engine.transaction.jta.platform.internal.NoJtaPlatform]
2023-09-24 10:48:04 [main] INFO  o.s.o.j.LocalContainerEntityManagerFactoryBean - Initialized JPA EntityManagerFactory for persistence unit 'default'
2023-09-24 10:48:05 [main] INFO  o.s.b.a.h.H2ConsoleAutoConfiguration - H2 console available at '/h2-console'. Database available at 'jdbc:h2:mem:testdb'
2023-09-24 10:48:05 [main] INFO  o.s.b.t.m.w.SpringBootMockServletContext - Initializing Spring TestDispatcherServlet ''
2023-09-24 10:48:05 [main] INFO  o.s.t.w.s.TestDispatcherServlet - Initializing Servlet ''
2023-09-24 10:48:05 [main] INFO  o.s.t.w.s.TestDispatcherServlet - Completed initialization in 0 ms
2023-09-24 10:48:05 [main] INFO  c.b.b.controller.ApiControllerTest - Started ApiControllerTest in 5.483 seconds (process running for 6.479)
2023-09-24 10:48:05 [main] INFO  o.s.b.t.m.w.SpringBootMockServletContext - Initializing Spring TestDispatcherServlet ''
2023-09-24 10:48:05 [main] INFO  o.s.t.w.s.TestDispatcherServlet - Initializing Servlet ''
2023-09-24 10:48:05 [main] INFO  o.s.t.w.s.TestDispatcherServlet - Completed initialization in 1 ms
2023-09-24 10:48:06 [main] INFO  c.b.bankingapi.logging.LoggingAspect - Entering method: createAccount
2023-09-24 10:48:06 [main] INFO  c.b.bankingapi.logging.LoggingAspect - Exiting method: createAccount with return value: Account 1 created successfully for customer 1
2023-09-24 10:48:06 [main] INFO  o.s.b.t.m.w.SpringBootMockServletContext - Initializing Spring TestDispatcherServlet ''
2023-09-24 10:48:06 [main] INFO  o.s.t.w.s.TestDispatcherServlet - Initializing Servlet ''
2023-09-24 10:48:06 [main] INFO  o.s.t.w.s.TestDispatcherServlet - Completed initialization in 1 ms
2023-09-24 10:48:06 [main] INFO  c.b.bankingapi.logging.LoggingAspect - Entering method: getUserInfo
2023-09-24 10:48:06 [main] INFO  c.b.bankingapi.logging.LoggingAspect - Exiting method: getUserInfo with return value: com.blueharvest.bankingapi.model.Customer@5581e273
2023-09-24 10:48:06 [main] INFO  o.s.t.c.s.AnnotationConfigContextLoaderUtils - Could not detect default configuration classes for test class [com.blueharvest.bankingapi.repository.AccountRepositoryTest]: AccountRepositoryTest does not declare any static, non-private, non-final, nested classes annotated with @Configuration.
2023-09-24 10:48:06 [main] INFO  o.s.b.t.c.SpringBootTestContextBootstrapper - Found @SpringBootConfiguration com.blueharvest.bankingapi.BankingapiApplication for test class com.blueharvest.bankingapi.repository.AccountRepositoryTest
2023-09-24 10:48:06 [main] INFO  c.b.b.r.AccountRepositoryTest - Starting AccountRepositoryTest using Java 17.0.8.1 with PID 8304 (started by pc in D:\bankingapi)
2023-09-24 10:48:06 [main] INFO  c.b.b.r.AccountRepositoryTest - No active profile set, falling back to 1 default profile: "default"
2023-09-24 10:48:06 [main] INFO  o.s.d.r.c.RepositoryConfigurationDelegate - Bootstrapping Spring Data JPA repositories in DEFAULT mode.
2023-09-24 10:48:06 [main] INFO  o.s.d.r.c.RepositoryConfigurationDelegate - Finished Spring Data repository scanning in 7 ms. Found 3 JPA repository interfaces.
2023-09-24 10:48:06 [main] INFO  o.s.b.t.a.j.TestDatabaseAutoConfiguration$EmbeddedDataSourceBeanFactoryPostProcessor - Replacing 'dataSource' DataSource bean with embedded version
2023-09-24 10:48:06 [main] INFO  o.s.j.d.e.EmbeddedDatabaseFactory - Starting embedded database: url='jdbc:h2:mem:8054f640-3651-4bcb-a274-c4f912fed927;DB_CLOSE_DELAY=-1;DB_CLOSE_ON_EXIT=false', username='sa'
2023-09-24 10:48:06 [main] INFO  o.h.jpa.internal.util.LogHelper - HHH000204: Processing PersistenceUnitInfo [name: default]
2023-09-24 10:48:06 [main] INFO  o.h.b.i.BytecodeProviderInitiator - HHH000021: Bytecode provider name : bytebuddy
2023-09-24 10:48:06 [main] INFO  o.s.o.j.p.SpringPersistenceUnitInfo - No LoadTimeWeaver setup: ignoring JPA class transformer
2023-09-24 10:48:06 [main] INFO  o.h.b.i.BytecodeProviderInitiator - HHH000021: Bytecode provider name : bytebuddy
2023-09-24 10:48:06 [main] INFO  o.h.e.t.j.p.i.JtaPlatformInitiator - HHH000490: Using JtaPlatform implementation: [org.hibernate.engine.transaction.jta.platform.internal.NoJtaPlatform]
2023-09-24 10:48:06 [main] INFO  o.s.o.j.LocalContainerEntityManagerFactoryBean - Initialized JPA EntityManagerFactory for persistence unit 'default'
2023-09-24 10:48:06 [main] INFO  c.b.b.r.AccountRepositoryTest - Started AccountRepositoryTest in 0.322 seconds (process running for 7.063)
2023-09-24 10:48:06 [main] INFO  o.s.t.c.s.AnnotationConfigContextLoaderUtils - Could not detect default configuration classes for test class [com.blueharvest.bankingapi.repository.CustomerRepositoryTest]: CustomerRepositoryTest does not declare any static, non-private, non-final, nested classes annotated with @Configuration.
2023-09-24 10:48:06 [main] INFO  o.s.b.t.c.SpringBootTestContextBootstrapper - Found @SpringBootConfiguration com.blueharvest.bankingapi.BankingapiApplication for test class com.blueharvest.bankingapi.repository.CustomerRepositoryTest
2023-09-24 10:48:06 [main] INFO  o.s.t.c.s.AnnotationConfigContextLoaderUtils - Could not detect default configuration classes for test class [com.blueharvest.bankingapi.repository.TransactionRepositoryTest]: TransactionRepositoryTest does not declare any static, non-private, non-final, nested classes annotated with @Configuration.
2023-09-24 10:48:06 [main] INFO  o.s.b.t.c.SpringBootTestContextBootstrapper - Found @SpringBootConfiguration com.blueharvest.bankingapi.BankingapiApplication for test class com.blueharvest.bankingapi.repository.TransactionRepositoryTest
2023-09-24 10:48:06 [SpringApplicationShutdownHook] INFO  o.s.o.j.LocalContainerEntityManagerFactoryBean - Closing JPA EntityManagerFactory for persistence unit 'default'
2023-09-24 10:48:06 [SpringApplicationShutdownHook] INFO  com.zaxxer.hikari.HikariDataSource - HikariPool-1 - Shutdown initiated...
2023-09-24 10:48:06 [SpringApplicationShutdownHook] INFO  com.zaxxer.hikari.HikariDataSource - HikariPool-1 - Shutdown completed.
2023-09-24 10:48:06 [SpringApplicationShutdownHook] INFO  o.s.o.j.LocalContainerEntityManagerFactoryBean - Closing JPA EntityManagerFactory for persistence unit 'default'
